<?xml version="1.0" encoding="UTF-8"?>
<!-- Generated by org.testng.reporters.JUnitXMLReporter -->
<testsuite hostname="TGS68" ignored="0" name="VerifydrivercountTc06" tests="1" failures="1" timestamp="2021-01-28T16:56:07 IST" time="110.204" errors="0">
  <testcase name="addMain" time="109.206" classname="Labor.VerifydrivercountTc06">
    <failure type="org.openqa.selenium.NoSuchElementException" message="Cannot locate element with text: Automation_PartType_Lines(Do not Touch)*
For documentation on this error, please visit: http://seleniumhq.org/exceptions/no_such_element.html
Build info: version: &amp;apos;3.6.0&amp;apos;, revision: &amp;apos;6fbf3ec767&amp;apos;, time: &amp;apos;2017-09-27T16:15:26.402Z&amp;apos;
System info: host: &amp;apos;TGS68&amp;apos;, ip: &amp;apos;192.168.0.68&amp;apos;, os.name: &amp;apos;Windows 10&amp;apos;, os.arch: &amp;apos;amd64&amp;apos;, os.version: &amp;apos;10.0&amp;apos;, java.version: &amp;apos;1.8.0_131&amp;apos;
Driver info: driver.version: unknown">
      <![CDATA[org.openqa.selenium.NoSuchElementException: Cannot locate element with text: Automation_PartType_Lines(Do not Touch)*
For documentation on this error, please visit: http://seleniumhq.org/exceptions/no_such_element.html
Build info: version: '3.6.0', revision: '6fbf3ec767', time: '2017-09-27T16:15:26.402Z'
System info: host: 'TGS68', ip: '192.168.0.68', os.name: 'Windows 10', os.arch: 'amd64', os.version: '10.0', java.version: '1.8.0_131'
Driver info: driver.version: unknown
at org.openqa.selenium.support.ui.Select.selectByVisibleText(Select.java:151)
at Labor.AddlaborTc01.add(AddlaborTc01.java:87)
at Labor.VerifydrivercountTc06.Labordriver(VerifydrivercountTc06.java:40)
at Labor.VerifydrivercountTc06.addMain(VerifydrivercountTc06.java:35)
at java.util.ArrayList.forEach(ArrayList.java:1249)
... Removed 28 stack frames]]>
    </failure>
  </testcase> <!-- addMain -->
</testsuite> <!-- VerifydrivercountTc06 -->
