<?xml version="1.0" encoding="UTF-8"?>
<!-- Generated by org.testng.reporters.JUnitXMLReporter -->
<testsuite hostname="TGS68" ignored="0" name="ExportPO" tests="1" failures="1" timestamp="2021-03-15T11:29:52 IST" time="131.012" errors="0">
  <testcase name="exportPO" time="129.999" classname="ShopCQ.ExportPO">
    <failure type="java.lang.AssertionError" message="expected [true] but found [false]">
      <![CDATA[java.lang.AssertionError: expected [true] but found [false]
at ShopCQ.ExportPO.VerifyDownloadWithFileName(ExportPO.java:80)
at ShopCQ.ExportPO.exportPO(ExportPO.java:52)
at java.util.ArrayList.forEach(ArrayList.java:1249)
... Removed 32 stack frames]]>
    </failure>
  </testcase> <!-- exportPO -->
</testsuite> <!-- ExportPO -->
